<?xml version="1.0" encoding="UTF-8"?>
<testsuite xmlns:xsi="http://www.w3.org/2001/XMLSchema-instance" xsi:noNamespaceSchemaLocation="https://maven.apache.org/surefire/maven-surefire-plugin/xsd/surefire-test-report.xsd" name="pl.nankiewic.clockzone.ClockzoneApplicationTests" time="12.883" tests="1" errors="0" skipped="0" failures="0">
  <properties>
    <property name="sun.desktop" value="windows"/>
    <property name="awt.toolkit" value="sun.awt.windows.WToolkit"/>
    <property name="java.specification.version" value="11"/>
    <property name="sun.cpu.isalist" value="amd64"/>
    <property name="sun.jnu.encoding" value="Cp1250"/>
    <property name="java.class.path" value="C:\Users\pnank\IdeaProjects\clockzone\target\test-classes;C:\Users\pnank\IdeaProjects\clockzone\target\classes;C:\Users\pnank\.m2\repository\org\springframework\boot\spring-boot-starter-thymeleaf\2.3.5.RELEASE\spring-boot-starter-thymeleaf-2.3.5.RELEASE.jar;C:\Users\pnank\.m2\repository\org\springframework\boot\spring-boot-starter\2.3.5.RELEASE\spring-boot-starter-2.3.5.RELEASE.jar;C:\Users\pnank\.m2\repository\org\springframework\boot\spring-boot-starter-logging\2.3.5.RELEASE\spring-boot-starter-logging-2.3.5.RELEASE.jar;C:\Users\pnank\.m2\repository\ch\qos\logback\logback-classic\1.2.3\logback-classic-1.2.3.jar;C:\Users\pnank\.m2\repository\ch\qos\logback\logback-core\1.2.3\logback-core-1.2.3.jar;C:\Users\pnank\.m2\repository\org\apache\logging\log4j\log4j-to-slf4j\2.13.3\log4j-to-slf4j-2.13.3.jar;C:\Users\pnank\.m2\repository\org\apache\logging\log4j\log4j-api\2.13.3\log4j-api-2.13.3.jar;C:\Users\pnank\.m2\repository\org\slf4j\jul-to-slf4j\1.7.30\jul-to-slf4j-1.7.30.jar;C:\Users\pnank\.m2\repository\jakarta\annotation\jakarta.annotation-api\1.3.5\jakarta.annotation-api-1.3.5.jar;C:\Users\pnank\.m2\repository\org\yaml\snakeyaml\1.26\snakeyaml-1.26.jar;C:\Users\pnank\.m2\repository\org\thymeleaf\thymeleaf-spring5\3.0.11.RELEASE\thymeleaf-spring5-3.0.11.RELEASE.jar;C:\Users\pnank\.m2\repository\org\thymeleaf\thymeleaf\3.0.11.RELEASE\thymeleaf-3.0.11.RELEASE.jar;C:\Users\pnank\.m2\repository\org\attoparser\attoparser\2.0.5.RELEASE\attoparser-2.0.5.RELEASE.jar;C:\Users\pnank\.m2\repository\org\unbescape\unbescape\1.1.6.RELEASE\unbescape-1.1.6.RELEASE.jar;C:\Users\pnank\.m2\repository\org\slf4j\slf4j-api\1.7.30\slf4j-api-1.7.30.jar;C:\Users\pnank\.m2\repository\org\thymeleaf\extras\thymeleaf-extras-java8time\3.0.4.RELEASE\thymeleaf-extras-java8time-3.0.4.RELEASE.jar;C:\Users\pnank\.m2\repository\org\springframework\boot\spring-boot-devtools\2.3.5.RELEASE\spring-boot-devtools-2.3.5.RELEASE.jar;C:\Users\pnank\.m2\repository\org\springframework\boot\spring-boot\2.3.5.RELEASE\spring-boot-2.3.5.RELEASE.jar;C:\Users\pnank\.m2\repository\org\springframework\spring-context\5.2.10.RELEASE\spring-context-5.2.10.RELEASE.jar;C:\Users\pnank\.m2\repository\org\springframework\boot\spring-boot-autoconfigure\2.3.5.RELEASE\spring-boot-autoconfigure-2.3.5.RELEASE.jar;C:\Users\pnank\.m2\repository\org\springframework\boot\spring-boot-starter-web\2.3.5.RELEASE\spring-boot-starter-web-2.3.5.RELEASE.jar;C:\Users\pnank\.m2\repository\org\springframework\boot\spring-boot-starter-json\2.3.5.RELEASE\spring-boot-starter-json-2.3.5.RELEASE.jar;C:\Users\pnank\.m2\repository\com\fasterxml\jackson\core\jackson-databind\2.11.3\jackson-databind-2.11.3.jar;C:\Users\pnank\.m2\repository\com\fasterxml\jackson\core\jackson-annotations\2.11.3\jackson-annotations-2.11.3.jar;C:\Users\pnank\.m2\repository\com\fasterxml\jackson\core\jackson-core\2.11.3\jackson-core-2.11.3.jar;C:\Users\pnank\.m2\repository\com\fasterxml\jackson\datatype\jackson-datatype-jdk8\2.11.3\jackson-datatype-jdk8-2.11.3.jar;C:\Users\pnank\.m2\repository\com\fasterxml\jackson\datatype\jackson-datatype-jsr310\2.11.3\jackson-datatype-jsr310-2.11.3.jar;C:\Users\pnank\.m2\repository\com\fasterxml\jackson\module\jackson-module-parameter-names\2.11.3\jackson-module-parameter-names-2.11.3.jar;C:\Users\pnank\.m2\repository\org\springframework\boot\spring-boot-starter-tomcat\2.3.5.RELEASE\spring-boot-starter-tomcat-2.3.5.RELEASE.jar;C:\Users\pnank\.m2\repository\org\apache\tomcat\embed\tomcat-embed-core\9.0.39\tomcat-embed-core-9.0.39.jar;C:\Users\pnank\.m2\repository\org\glassfish\jakarta.el\3.0.3\jakarta.el-3.0.3.jar;C:\Users\pnank\.m2\repository\org\apache\tomcat\embed\tomcat-embed-websocket\9.0.39\tomcat-embed-websocket-9.0.39.jar;C:\Users\pnank\.m2\repository\org\springframework\spring-web\5.2.10.RELEASE\spring-web-5.2.10.RELEASE.jar;C:\Users\pnank\.m2\repository\org\springframework\spring-beans\5.2.10.RELEASE\spring-beans-5.2.10.RELEASE.jar;C:\Users\pnank\.m2\repository\org\springframework\spring-webmvc\5.2.10.RELEASE\spring-webmvc-5.2.10.RELEASE.jar;C:\Users\pnank\.m2\repository\org\springframework\spring-aop\5.2.10.RELEASE\spring-aop-5.2.10.RELEASE.jar;C:\Users\pnank\.m2\repository\org\springframework\spring-expression\5.2.10.RELEASE\spring-expression-5.2.10.RELEASE.jar;C:\Users\pnank\.m2\repository\org\springframework\boot\spring-boot-starter-web-services\2.3.5.RELEASE\spring-boot-starter-web-services-2.3.5.RELEASE.jar;C:\Users\pnank\.m2\repository\com\sun\xml\messaging\saaj\saaj-impl\1.5.2\saaj-impl-1.5.2.jar;C:\Users\pnank\.m2\repository\jakarta\xml\soap\jakarta.xml.soap-api\1.4.2\jakarta.xml.soap-api-1.4.2.jar;C:\Users\pnank\.m2\repository\org\jvnet\staxex\stax-ex\1.8.3\stax-ex-1.8.3.jar;C:\Users\pnank\.m2\repository\com\sun\activation\jakarta.activation\1.2.2\jakarta.activation-1.2.2.jar;C:\Users\pnank\.m2\repository\jakarta\xml\ws\jakarta.xml.ws-api\2.3.3\jakarta.xml.ws-api-2.3.3.jar;C:\Users\pnank\.m2\repository\jakarta\jws\jakarta.jws-api\2.1.0\jakarta.jws-api-2.1.0.jar;C:\Users\pnank\.m2\repository\org\springframework\spring-oxm\5.2.10.RELEASE\spring-oxm-5.2.10.RELEASE.jar;C:\Users\pnank\.m2\repository\org\springframework\ws\spring-ws-core\3.0.10.RELEASE\spring-ws-core-3.0.10.RELEASE.jar;C:\Users\pnank\.m2\repository\org\springframework\ws\spring-xml\3.0.10.RELEASE\spring-xml-3.0.10.RELEASE.jar;C:\Users\pnank\.m2\repository\org\springframework\boot\spring-boot-starter-test\2.3.5.RELEASE\spring-boot-starter-test-2.3.5.RELEASE.jar;C:\Users\pnank\.m2\repository\org\springframework\boot\spring-boot-test\2.3.5.RELEASE\spring-boot-test-2.3.5.RELEASE.jar;C:\Users\pnank\.m2\repository\org\springframework\boot\spring-boot-test-autoconfigure\2.3.5.RELEASE\spring-boot-test-autoconfigure-2.3.5.RELEASE.jar;C:\Users\pnank\.m2\repository\com\jayway\jsonpath\json-path\2.4.0\json-path-2.4.0.jar;C:\Users\pnank\.m2\repository\net\minidev\json-smart\2.3\json-smart-2.3.jar;C:\Users\pnank\.m2\repository\net\minidev\accessors-smart\1.2\accessors-smart-1.2.jar;C:\Users\pnank\.m2\repository\org\ow2\asm\asm\5.0.4\asm-5.0.4.jar;C:\Users\pnank\.m2\repository\jakarta\xml\bind\jakarta.xml.bind-api\2.3.3\jakarta.xml.bind-api-2.3.3.jar;C:\Users\pnank\.m2\repository\jakarta\activation\jakarta.activation-api\1.2.2\jakarta.activation-api-1.2.2.jar;C:\Users\pnank\.m2\repository\org\assertj\assertj-core\3.16.1\assertj-core-3.16.1.jar;C:\Users\pnank\.m2\repository\org\hamcrest\hamcrest\2.2\hamcrest-2.2.jar;C:\Users\pnank\.m2\repository\org\junit\jupiter\junit-jupiter\5.6.3\junit-jupiter-5.6.3.jar;C:\Users\pnank\.m2\repository\org\junit\jupiter\junit-jupiter-api\5.6.3\junit-jupiter-api-5.6.3.jar;C:\Users\pnank\.m2\repository\org\apiguardian\apiguardian-api\1.1.0\apiguardian-api-1.1.0.jar;C:\Users\pnank\.m2\repository\org\opentest4j\opentest4j\1.2.0\opentest4j-1.2.0.jar;C:\Users\pnank\.m2\repository\org\junit\platform\junit-platform-commons\1.6.3\junit-platform-commons-1.6.3.jar;C:\Users\pnank\.m2\repository\org\junit\jupiter\junit-jupiter-params\5.6.3\junit-jupiter-params-5.6.3.jar;C:\Users\pnank\.m2\repository\org\junit\jupiter\junit-jupiter-engine\5.6.3\junit-jupiter-engine-5.6.3.jar;C:\Users\pnank\.m2\repository\org\junit\platform\junit-platform-engine\1.6.3\junit-platform-engine-1.6.3.jar;C:\Users\pnank\.m2\repository\org\mockito\mockito-core\3.3.3\mockito-core-3.3.3.jar;C:\Users\pnank\.m2\repository\net\bytebuddy\byte-buddy\1.10.17\byte-buddy-1.10.17.jar;C:\Users\pnank\.m2\repository\net\bytebuddy\byte-buddy-agent\1.10.17\byte-buddy-agent-1.10.17.jar;C:\Users\pnank\.m2\repository\org\objenesis\objenesis\2.6\objenesis-2.6.jar;C:\Users\pnank\.m2\repository\org\mockito\mockito-junit-jupiter\3.3.3\mockito-junit-jupiter-3.3.3.jar;C:\Users\pnank\.m2\repository\org\skyscreamer\jsonassert\1.5.0\jsonassert-1.5.0.jar;C:\Users\pnank\.m2\repository\com\vaadin\external\google\android-json\0.0.20131108.vaadin1\android-json-0.0.20131108.vaadin1.jar;C:\Users\pnank\.m2\repository\org\springframework\spring-core\5.2.10.RELEASE\spring-core-5.2.10.RELEASE.jar;C:\Users\pnank\.m2\repository\org\springframework\spring-jcl\5.2.10.RELEASE\spring-jcl-5.2.10.RELEASE.jar;C:\Users\pnank\.m2\repository\org\springframework\spring-test\5.2.10.RELEASE\spring-test-5.2.10.RELEASE.jar;C:\Users\pnank\.m2\repository\org\xmlunit\xmlunit-core\2.7.0\xmlunit-core-2.7.0.jar;"/>
    <property name="java.vm.vendor" value="Oracle Corporation"/>
    <property name="sun.arch.data.model" value="64"/>
    <property name="user.variant" value=""/>
    <property name="java.vendor.url" value="http://java.oracle.com/"/>
    <property name="user.timezone" value="Europe/Belgrade"/>
    <property name="java.vm.specification.version" value="11"/>
    <property name="os.name" value="Windows 10"/>
    <property name="sun.java.launcher" value="SUN_STANDARD"/>
    <property name="user.country" value="PL"/>
    <property name="sun.boot.library.path" value="C:\Program Files\Java\jdk-11.0.2\bin"/>
    <property name="sun.java.command" value="C:\Users\pnank\AppData\Local\Temp\surefire17331119279540196587\surefirebooter1041332929281936008.jar C:\Users\pnank\AppData\Local\Temp\surefire17331119279540196587 2020-11-08T16-40-10_910-jvmRun1 surefire11760099897815952969tmp surefire_04021040954613738456tmp"/>
    <property name="jdk.debug" value="release"/>
    <property name="surefire.test.class.path" value="C:\Users\pnank\IdeaProjects\clockzone\target\test-classes;C:\Users\pnank\IdeaProjects\clockzone\target\classes;C:\Users\pnank\.m2\repository\org\springframework\boot\spring-boot-starter-thymeleaf\2.3.5.RELEASE\spring-boot-starter-thymeleaf-2.3.5.RELEASE.jar;C:\Users\pnank\.m2\repository\org\springframework\boot\spring-boot-starter\2.3.5.RELEASE\spring-boot-starter-2.3.5.RELEASE.jar;C:\Users\pnank\.m2\repository\org\springframework\boot\spring-boot-starter-logging\2.3.5.RELEASE\spring-boot-starter-logging-2.3.5.RELEASE.jar;C:\Users\pnank\.m2\repository\ch\qos\logback\logback-classic\1.2.3\logback-classic-1.2.3.jar;C:\Users\pnank\.m2\repository\ch\qos\logback\logback-core\1.2.3\logback-core-1.2.3.jar;C:\Users\pnank\.m2\repository\org\apache\logging\log4j\log4j-to-slf4j\2.13.3\log4j-to-slf4j-2.13.3.jar;C:\Users\pnank\.m2\repository\org\apache\logging\log4j\log4j-api\2.13.3\log4j-api-2.13.3.jar;C:\Users\pnank\.m2\repository\org\slf4j\jul-to-slf4j\1.7.30\jul-to-slf4j-1.7.30.jar;C:\Users\pnank\.m2\repository\jakarta\annotation\jakarta.annotation-api\1.3.5\jakarta.annotation-api-1.3.5.jar;C:\Users\pnank\.m2\repository\org\yaml\snakeyaml\1.26\snakeyaml-1.26.jar;C:\Users\pnank\.m2\repository\org\thymeleaf\thymeleaf-spring5\3.0.11.RELEASE\thymeleaf-spring5-3.0.11.RELEASE.jar;C:\Users\pnank\.m2\repository\org\thymeleaf\thymeleaf\3.0.11.RELEASE\thymeleaf-3.0.11.RELEASE.jar;C:\Users\pnank\.m2\repository\org\attoparser\attoparser\2.0.5.RELEASE\attoparser-2.0.5.RELEASE.jar;C:\Users\pnank\.m2\repository\org\unbescape\unbescape\1.1.6.RELEASE\unbescape-1.1.6.RELEASE.jar;C:\Users\pnank\.m2\repository\org\slf4j\slf4j-api\1.7.30\slf4j-api-1.7.30.jar;C:\Users\pnank\.m2\repository\org\thymeleaf\extras\thymeleaf-extras-java8time\3.0.4.RELEASE\thymeleaf-extras-java8time-3.0.4.RELEASE.jar;C:\Users\pnank\.m2\repository\org\springframework\boot\spring-boot-devtools\2.3.5.RELEASE\spring-boot-devtools-2.3.5.RELEASE.jar;C:\Users\pnank\.m2\repository\org\springframework\boot\spring-boot\2.3.5.RELEASE\spring-boot-2.3.5.RELEASE.jar;C:\Users\pnank\.m2\repository\org\springframework\spring-context\5.2.10.RELEASE\spring-context-5.2.10.RELEASE.jar;C:\Users\pnank\.m2\repository\org\springframework\boot\spring-boot-autoconfigure\2.3.5.RELEASE\spring-boot-autoconfigure-2.3.5.RELEASE.jar;C:\Users\pnank\.m2\repository\org\springframework\boot\spring-boot-starter-web\2.3.5.RELEASE\spring-boot-starter-web-2.3.5.RELEASE.jar;C:\Users\pnank\.m2\repository\org\springframework\boot\spring-boot-starter-json\2.3.5.RELEASE\spring-boot-starter-json-2.3.5.RELEASE.jar;C:\Users\pnank\.m2\repository\com\fasterxml\jackson\core\jackson-databind\2.11.3\jackson-databind-2.11.3.jar;C:\Users\pnank\.m2\repository\com\fasterxml\jackson\core\jackson-annotations\2.11.3\jackson-annotations-2.11.3.jar;C:\Users\pnank\.m2\repository\com\fasterxml\jackson\core\jackson-core\2.11.3\jackson-core-2.11.3.jar;C:\Users\pnank\.m2\repository\com\fasterxml\jackson\datatype\jackson-datatype-jdk8\2.11.3\jackson-datatype-jdk8-2.11.3.jar;C:\Users\pnank\.m2\repository\com\fasterxml\jackson\datatype\jackson-datatype-jsr310\2.11.3\jackson-datatype-jsr310-2.11.3.jar;C:\Users\pnank\.m2\repository\com\fasterxml\jackson\module\jackson-module-parameter-names\2.11.3\jackson-module-parameter-names-2.11.3.jar;C:\Users\pnank\.m2\repository\org\springframework\boot\spring-boot-starter-tomcat\2.3.5.RELEASE\spring-boot-starter-tomcat-2.3.5.RELEASE.jar;C:\Users\pnank\.m2\repository\org\apache\tomcat\embed\tomcat-embed-core\9.0.39\tomcat-embed-core-9.0.39.jar;C:\Users\pnank\.m2\repository\org\glassfish\jakarta.el\3.0.3\jakarta.el-3.0.3.jar;C:\Users\pnank\.m2\repository\org\apache\tomcat\embed\tomcat-embed-websocket\9.0.39\tomcat-embed-websocket-9.0.39.jar;C:\Users\pnank\.m2\repository\org\springframework\spring-web\5.2.10.RELEASE\spring-web-5.2.10.RELEASE.jar;C:\Users\pnank\.m2\repository\org\springframework\spring-beans\5.2.10.RELEASE\spring-beans-5.2.10.RELEASE.jar;C:\Users\pnank\.m2\repository\org\springframework\spring-webmvc\5.2.10.RELEASE\spring-webmvc-5.2.10.RELEASE.jar;C:\Users\pnank\.m2\repository\org\springframework\spring-aop\5.2.10.RELEASE\spring-aop-5.2.10.RELEASE.jar;C:\Users\pnank\.m2\repository\org\springframework\spring-expression\5.2.10.RELEASE\spring-expression-5.2.10.RELEASE.jar;C:\Users\pnank\.m2\repository\org\springframework\boot\spring-boot-starter-web-services\2.3.5.RELEASE\spring-boot-starter-web-services-2.3.5.RELEASE.jar;C:\Users\pnank\.m2\repository\com\sun\xml\messaging\saaj\saaj-impl\1.5.2\saaj-impl-1.5.2.jar;C:\Users\pnank\.m2\repository\jakarta\xml\soap\jakarta.xml.soap-api\1.4.2\jakarta.xml.soap-api-1.4.2.jar;C:\Users\pnank\.m2\repository\org\jvnet\staxex\stax-ex\1.8.3\stax-ex-1.8.3.jar;C:\Users\pnank\.m2\repository\com\sun\activation\jakarta.activation\1.2.2\jakarta.activation-1.2.2.jar;C:\Users\pnank\.m2\repository\jakarta\xml\ws\jakarta.xml.ws-api\2.3.3\jakarta.xml.ws-api-2.3.3.jar;C:\Users\pnank\.m2\repository\jakarta\jws\jakarta.jws-api\2.1.0\jakarta.jws-api-2.1.0.jar;C:\Users\pnank\.m2\repository\org\springframework\spring-oxm\5.2.10.RELEASE\spring-oxm-5.2.10.RELEASE.jar;C:\Users\pnank\.m2\repository\org\springframework\ws\spring-ws-core\3.0.10.RELEASE\spring-ws-core-3.0.10.RELEASE.jar;C:\Users\pnank\.m2\repository\org\springframework\ws\spring-xml\3.0.10.RELEASE\spring-xml-3.0.10.RELEASE.jar;C:\Users\pnank\.m2\repository\org\springframework\boot\spring-boot-starter-test\2.3.5.RELEASE\spring-boot-starter-test-2.3.5.RELEASE.jar;C:\Users\pnank\.m2\repository\org\springframework\boot\spring-boot-test\2.3.5.RELEASE\spring-boot-test-2.3.5.RELEASE.jar;C:\Users\pnank\.m2\repository\org\springframework\boot\spring-boot-test-autoconfigure\2.3.5.RELEASE\spring-boot-test-autoconfigure-2.3.5.RELEASE.jar;C:\Users\pnank\.m2\repository\com\jayway\jsonpath\json-path\2.4.0\json-path-2.4.0.jar;C:\Users\pnank\.m2\repository\net\minidev\json-smart\2.3\json-smart-2.3.jar;C:\Users\pnank\.m2\repository\net\minidev\accessors-smart\1.2\accessors-smart-1.2.jar;C:\Users\pnank\.m2\repository\org\ow2\asm\asm\5.0.4\asm-5.0.4.jar;C:\Users\pnank\.m2\repository\jakarta\xml\bind\jakarta.xml.bind-api\2.3.3\jakarta.xml.bind-api-2.3.3.jar;C:\Users\pnank\.m2\repository\jakarta\activation\jakarta.activation-api\1.2.2\jakarta.activation-api-1.2.2.jar;C:\Users\pnank\.m2\repository\org\assertj\assertj-core\3.16.1\assertj-core-3.16.1.jar;C:\Users\pnank\.m2\repository\org\hamcrest\hamcrest\2.2\hamcrest-2.2.jar;C:\Users\pnank\.m2\repository\org\junit\jupiter\junit-jupiter\5.6.3\junit-jupiter-5.6.3.jar;C:\Users\pnank\.m2\repository\org\junit\jupiter\junit-jupiter-api\5.6.3\junit-jupiter-api-5.6.3.jar;C:\Users\pnank\.m2\repository\org\apiguardian\apiguardian-api\1.1.0\apiguardian-api-1.1.0.jar;C:\Users\pnank\.m2\repository\org\opentest4j\opentest4j\1.2.0\opentest4j-1.2.0.jar;C:\Users\pnank\.m2\repository\org\junit\platform\junit-platform-commons\1.6.3\junit-platform-commons-1.6.3.jar;C:\Users\pnank\.m2\repository\org\junit\jupiter\junit-jupiter-params\5.6.3\junit-jupiter-params-5.6.3.jar;C:\Users\pnank\.m2\repository\org\junit\jupiter\junit-jupiter-engine\5.6.3\junit-jupiter-engine-5.6.3.jar;C:\Users\pnank\.m2\repository\org\junit\platform\junit-platform-engine\1.6.3\junit-platform-engine-1.6.3.jar;C:\Users\pnank\.m2\repository\org\mockito\mockito-core\3.3.3\mockito-core-3.3.3.jar;C:\Users\pnank\.m2\repository\net\bytebuddy\byte-buddy\1.10.17\byte-buddy-1.10.17.jar;C:\Users\pnank\.m2\repository\net\bytebuddy\byte-buddy-agent\1.10.17\byte-buddy-agent-1.10.17.jar;C:\Users\pnank\.m2\repository\org\objenesis\objenesis\2.6\objenesis-2.6.jar;C:\Users\pnank\.m2\repository\org\mockito\mockito-junit-jupiter\3.3.3\mockito-junit-jupiter-3.3.3.jar;C:\Users\pnank\.m2\repository\org\skyscreamer\jsonassert\1.5.0\jsonassert-1.5.0.jar;C:\Users\pnank\.m2\repository\com\vaadin\external\google\android-json\0.0.20131108.vaadin1\android-json-0.0.20131108.vaadin1.jar;C:\Users\pnank\.m2\repository\org\springframework\spring-core\5.2.10.RELEASE\spring-core-5.2.10.RELEASE.jar;C:\Users\pnank\.m2\repository\org\springframework\spring-jcl\5.2.10.RELEASE\spring-jcl-5.2.10.RELEASE.jar;C:\Users\pnank\.m2\repository\org\springframework\spring-test\5.2.10.RELEASE\spring-test-5.2.10.RELEASE.jar;C:\Users\pnank\.m2\repository\org\xmlunit\xmlunit-core\2.7.0\xmlunit-core-2.7.0.jar;"/>
    <property name="sun.cpu.endian" value="little"/>
    <property name="user.home" value="C:\Users\pnank"/>
    <property name="user.language" value="pl"/>
    <property name="java.specification.vendor" value="Oracle Corporation"/>
    <property name="java.version.date" value="2019-01-15"/>
    <property name="java.home" value="C:\Program Files\Java\jdk-11.0.2"/>
    <property name="file.separator" value="\"/>
    <property name="basedir" value="C:\Users\pnank\IdeaProjects\clockzone"/>
    <property name="java.vm.compressedOopsMode" value="32-bit"/>
    <property name="line.separator" value="&#10;"/>
    <property name="java.specification.name" value="Java Platform API Specification"/>
    <property name="java.vm.specification.vendor" value="Oracle Corporation"/>
    <property name="java.awt.graphicsenv" value="sun.awt.Win32GraphicsEnvironment"/>
    <property name="surefire.real.class.path" value="C:\Users\pnank\AppData\Local\Temp\surefire17331119279540196587\surefirebooter1041332929281936008.jar"/>
    <property name="user.script" value=""/>
    <property name="sun.management.compiler" value="HotSpot 64-Bit Tiered Compilers"/>
    <property name="java.runtime.version" value="11.0.2+9-LTS"/>
    <property name="user.name" value="pnank"/>
    <property name="path.separator" value=";"/>
    <property name="os.version" value="10.0"/>
    <property name="java.runtime.name" value="Java(TM) SE Runtime Environment"/>
    <property name="file.encoding" value="Cp1250"/>
    <property name="java.vm.name" value="Java HotSpot(TM) 64-Bit Server VM"/>
    <property name="java.vendor.version" value="18.9"/>
    <property name="localRepository" value="C:\Users\pnank\.m2\repository"/>
    <property name="java.vendor.url.bug" value="http://bugreport.java.com/bugreport/"/>
    <property name="java.io.tmpdir" value="C:\Users\pnank\AppData\Local\Temp\"/>
    <property name="java.version" value="11.0.2"/>
    <property name="user.dir" value="C:\Users\pnank\IdeaProjects\clockzone"/>
    <property name="os.arch" value="amd64"/>
    <property name="java.vm.specification.name" value="Java Virtual Machine Specification"/>
    <property name="java.awt.printerjob" value="sun.awt.windows.WPrinterJob"/>
    <property name="sun.os.patch.level" value=""/>
    <property name="idea.version2019.3.3" value="true"/>
    <property name="java.library.path" value="C:\Program Files\Java\jdk-11.0.2\bin;C:\WINDOWS\Sun\Java\bin;C:\WINDOWS\system32;C:\WINDOWS;C:\PYTHON39\SCRIPTS\;C:\PYTHON39\;C:\PROGRAM FILES\MICROSOFT MPI\BIN\;C:\PROGRAM FILES\HASKELL\BIN;C:\PROGRAM FILES\HASKELL PLATFORM\8.6.3\LIB\EXTRALIBS\BIN;C:\PROGRAM FILES\HASKELL PLATFORM\8.6.3\BIN;C:\PROGRAM FILES\DELL\DW WLAN CARD;C:\PYTHON27\;C:\PYTHON27\SCRIPTS;C:\WINAVR-20100110\BIN;C:\WINAVR-20100110\UTILS\BIN;C:\PROGRAM FILES (X86)\COMMON FILES\ORACLE\JAVA\JAVAPATH;C:\WINDOWS\SYSTEM32;C:\WINDOWS;C:\WINDOWS\SYSTEM32\WBEM;C:\WINDOWS\SYSTEM32\WINDOWSPOWERSHELL\V1.0\;C:\WINDOWS\SYSTEM32\OPENSSH\;C:\PROGRAM FILES\JAVA\JDK1.8.0_201\BIN;C:\PROGRAM FILES\JAVA\JDK-11.0.2\BIN;C:\PROGRAM FILES\GIT\CMD;;C:\PROGRAM FILES\SYMFONY;C:\XAMPP\PHP;C:\COMPOSER;C:\PROGRAMDATA\CHOCOLATEY\BIN;C:\PROGRAM FILES\MATLAB\R2019B\BIN;C:\PROGRAM FILES\HASKELL PLATFORM\8.6.3\MINGW\BIN;C:\PROGRAM FILES (X86)\MICROSOFT SQL SERVER\140\TOOLS\BINN\;C:\PROGRAM FILES\MICROSOFT SQL SERVER\140\TOOLS\BINN\;C:\PROGRAM FILES (X86)\MICROSOFT SQL SERVER\140\DTS\BINN\;C:\PROGRAM FILES\MICROSOFT SQL SERVER\140\DTS\BINN\;C:\PROGRAM FILES\MICROSOFT SQL SERVER\CLIENT SDK\ODBC\130\TOOLS\BINN\;C:\PROGRAM FILES (X86)\MICROSOFT SQL SERVER\150\DTS\BINN\;C:\TDM-GCC-64\BIN;C:\PROGRAM FILES\NODEJS\;C:\PROGRAM FILES\DOCKER\DOCKER\RESOURCES\BIN;C:\PROGRAMDATA\DOCKERDESKTOP\VERSION-BIN;C:\Program Files\WIDCOMM\Bluetooth Software\;C:\Program Files\WIDCOMM\Bluetooth Software\syswow64;C:\Users\pnank\AppData\Roaming\cabal\bin;C:\Users\pnank\AppData\Roaming\local\bin;C:\Users\pnank\AppData\Local\Microsoft\WindowsApps;C:\Program Files\JetBrains\IntelliJ IDEA Community Edition 2018.3.4\bin;;C:\Users\pnank\AppData\Local\Programs\Microsoft VS Code\bin;C:\Users\pnank\AppData\Roaming\Composer\vendor\bin;C:\Program Files\JetBrains\WebStorm 2019.3.1\bin;;C:\Program Files\JetBrains\PhpStorm 2019.3.3\bin;;C:\Program Files\JetBrains\IntelliJ IDEA 2019.3.2\bin;;C:\Users\pnank\AppData\Local\Programs\MiKTeX 2.9\miktex\bin\x64\;C:\Program Files\JetBrains\PyCharm Community Edition 2020.1.1\bin;;C:\Users\pnank\AppData\Roaming\npm;."/>
    <property name="java.vendor" value="Oracle Corporation"/>
    <property name="java.vm.info" value="mixed mode"/>
    <property name="java.vm.version" value="11.0.2+9-LTS"/>
    <property name="sun.io.unicode.encoding" value="UnicodeLittle"/>
    <property name="java.class.version" value="55.0"/>
  </properties>
  <testcase name="contextLoads" classname="pl.nankiewic.clockzone.ClockzoneApplicationTests" time="1.512"/>
</testsuite>